<?xml version="1.0" encoding="UTF-8"?>
<testsuite xmlns:xsi="http://www.w3.org/2001/XMLSchema-instance" xsi:noNamespaceSchemaLocation="https://maven.apache.org/surefire/maven-surefire-plugin/xsd/surefire-test-report.xsd" name="dovbenko.hw3.tsk1.AppTest" time="51.479" tests="3" errors="0" skipped="0" failures="0">
  <properties>
    <property name="sun.desktop" value="windows"/>
    <property name="awt.toolkit" value="sun.awt.windows.WToolkit"/>
    <property name="java.specification.version" value="11"/>
    <property name="sun.cpu.isalist" value="amd64"/>
    <property name="sun.jnu.encoding" value="Cp1251"/>
    <property name="java.class.path" value="D:\Teaching\Java\IdeaProjects\MFTI\dovbenkovl-hw3\hw3task1\target\test-classes;D:\Teaching\Java\IdeaProjects\MFTI\dovbenkovl-hw3\hw3task1\target\classes;C:\Users\xupox\.m2\repository\org\junit\jupiter\junit-jupiter\5.9.0\junit-jupiter-5.9.0.jar;C:\Users\xupox\.m2\repository\org\junit\jupiter\junit-jupiter-api\5.9.0\junit-jupiter-api-5.9.0.jar;C:\Users\xupox\.m2\repository\org\opentest4j\opentest4j\1.2.0\opentest4j-1.2.0.jar;C:\Users\xupox\.m2\repository\org\junit\platform\junit-platform-commons\1.9.0\junit-platform-commons-1.9.0.jar;C:\Users\xupox\.m2\repository\org\apiguardian\apiguardian-api\1.1.2\apiguardian-api-1.1.2.jar;C:\Users\xupox\.m2\repository\org\junit\jupiter\junit-jupiter-params\5.9.0\junit-jupiter-params-5.9.0.jar;C:\Users\xupox\.m2\repository\org\junit\jupiter\junit-jupiter-engine\5.9.0\junit-jupiter-engine-5.9.0.jar;C:\Users\xupox\.m2\repository\org\junit\platform\junit-platform-engine\1.9.0\junit-platform-engine-1.9.0.jar;C:\Users\xupox\.m2\repository\org\assertj\assertj-core\3.23.1\assertj-core-3.23.1.jar;C:\Users\xupox\.m2\repository\net\bytebuddy\byte-buddy\1.12.10\byte-buddy-1.12.10.jar;C:\Users\xupox\.m2\repository\com\approvaltests\approvaltests\18.2.2\approvaltests-18.2.2.jar;C:\Users\xupox\.m2\repository\com\approvaltests\approvaltests-util\18.2.2\approvaltests-util-18.2.2.jar;C:\Users\xupox\.m2\repository\com\sun\mail\javax.mail\1.6.2\javax.mail-1.6.2.jar;C:\Users\xupox\.m2\repository\javax\activation\activation\1.1\activation-1.1.jar;C:\Users\xupox\.m2\repository\org\apache\commons\commons-lang3\3.12.0\commons-lang3-3.12.0.jar;"/>
    <property name="java.vm.vendor" value="AdoptOpenJDK"/>
    <property name="sun.arch.data.model" value="64"/>
    <property name="user.variant" value=""/>
    <property name="java.vendor.url" value="https://adoptopenjdk.net/"/>
    <property name="user.timezone" value="Europe/Moscow"/>
    <property name="java.vm.specification.version" value="11"/>
    <property name="os.name" value="Windows 10"/>
    <property name="sun.java.launcher" value="SUN_STANDARD"/>
    <property name="user.country" value="RU"/>
    <property name="sun.boot.library.path" value="D:\Program Files\AdoptOpenJDK\jdk-11.0.11.9-hotspot\bin"/>
    <property name="sun.java.command" value="C:\Users\xupox\AppData\Local\Temp\surefire13533026573404943917\surefirebooter8162721915505223335.jar C:\Users\xupox\AppData\Local\Temp\surefire13533026573404943917 2023-04-26T20-37-01_930-jvmRun1 surefire13471993665331915775tmp surefire_011916362739400763918tmp"/>
    <property name="jdk.debug" value="release"/>
    <property name="surefire.test.class.path" value="D:\Teaching\Java\IdeaProjects\MFTI\dovbenkovl-hw3\hw3task1\target\test-classes;D:\Teaching\Java\IdeaProjects\MFTI\dovbenkovl-hw3\hw3task1\target\classes;C:\Users\xupox\.m2\repository\org\junit\jupiter\junit-jupiter\5.9.0\junit-jupiter-5.9.0.jar;C:\Users\xupox\.m2\repository\org\junit\jupiter\junit-jupiter-api\5.9.0\junit-jupiter-api-5.9.0.jar;C:\Users\xupox\.m2\repository\org\opentest4j\opentest4j\1.2.0\opentest4j-1.2.0.jar;C:\Users\xupox\.m2\repository\org\junit\platform\junit-platform-commons\1.9.0\junit-platform-commons-1.9.0.jar;C:\Users\xupox\.m2\repository\org\apiguardian\apiguardian-api\1.1.2\apiguardian-api-1.1.2.jar;C:\Users\xupox\.m2\repository\org\junit\jupiter\junit-jupiter-params\5.9.0\junit-jupiter-params-5.9.0.jar;C:\Users\xupox\.m2\repository\org\junit\jupiter\junit-jupiter-engine\5.9.0\junit-jupiter-engine-5.9.0.jar;C:\Users\xupox\.m2\repository\org\junit\platform\junit-platform-engine\1.9.0\junit-platform-engine-1.9.0.jar;C:\Users\xupox\.m2\repository\org\assertj\assertj-core\3.23.1\assertj-core-3.23.1.jar;C:\Users\xupox\.m2\repository\net\bytebuddy\byte-buddy\1.12.10\byte-buddy-1.12.10.jar;C:\Users\xupox\.m2\repository\com\approvaltests\approvaltests\18.2.2\approvaltests-18.2.2.jar;C:\Users\xupox\.m2\repository\com\approvaltests\approvaltests-util\18.2.2\approvaltests-util-18.2.2.jar;C:\Users\xupox\.m2\repository\com\sun\mail\javax.mail\1.6.2\javax.mail-1.6.2.jar;C:\Users\xupox\.m2\repository\javax\activation\activation\1.1\activation-1.1.jar;C:\Users\xupox\.m2\repository\org\apache\commons\commons-lang3\3.12.0\commons-lang3-3.12.0.jar;"/>
    <property name="sun.cpu.endian" value="little"/>
    <property name="user.home" value="C:\Users\xupox"/>
    <property name="user.language" value="ru"/>
    <property name="java.specification.vendor" value="Oracle Corporation"/>
    <property name="java.version.date" value="2021-04-20"/>
    <property name="java.home" value="D:\Program Files\AdoptOpenJDK\jdk-11.0.11.9-hotspot"/>
    <property name="file.separator" value="\"/>
    <property name="basedir" value="D:\Teaching\Java\IdeaProjects\MFTI\dovbenkovl-hw3\hw3task1"/>
    <property name="java.vm.compressedOopsMode" value="Zero based"/>
    <property name="line.separator" value="&#10;"/>
    <property name="java.specification.name" value="Java Platform API Specification"/>
    <property name="java.vm.specification.vendor" value="Oracle Corporation"/>
    <property name="java.awt.graphicsenv" value="sun.awt.Win32GraphicsEnvironment"/>
    <property name="surefire.real.class.path" value="C:\Users\xupox\AppData\Local\Temp\surefire13533026573404943917\surefirebooter8162721915505223335.jar"/>
    <property name="user.script" value=""/>
    <property name="sun.management.compiler" value="HotSpot 64-Bit Tiered Compilers"/>
    <property name="java.runtime.version" value="11.0.11+9"/>
    <property name="user.name" value="xupox"/>
    <property name="path.separator" value=";"/>
    <property name="os.version" value="10.0"/>
    <property name="java.runtime.name" value="OpenJDK Runtime Environment"/>
    <property name="file.encoding" value="Cp1251"/>
    <property name="java.vm.name" value="OpenJDK 64-Bit Server VM"/>
    <property name="java.vendor.version" value="AdoptOpenJDK-11.0.11+9"/>
    <property name="localRepository" value="C:\Users\xupox\.m2\repository"/>
    <property name="java.vendor.url.bug" value="https://github.com/AdoptOpenJDK/openjdk-support/issues"/>
    <property name="java.io.tmpdir" value="C:\Users\xupox\AppData\Local\Temp\"/>
    <property name="idea.version" value="2021.2"/>
    <property name="java.version" value="11.0.11"/>
    <property name="user.dir" value="D:\Teaching\Java\IdeaProjects\MFTI\dovbenkovl-hw3\hw3task1"/>
    <property name="os.arch" value="amd64"/>
    <property name="java.vm.specification.name" value="Java Virtual Machine Specification"/>
    <property name="java.awt.printerjob" value="sun.awt.windows.WPrinterJob"/>
    <property name="sun.os.patch.level" value=""/>
    <property name="java.library.path" value="D:\Program Files\AdoptOpenJDK\jdk-11.0.11.9-hotspot\bin;C:\WINDOWS\Sun\Java\bin;C:\WINDOWS\system32;C:\WINDOWS;D:\Program Files\BellSoft\LibericaJDK-11-Full\bin\;D:\Program Files\AdoptOpenJDK\jdk-16.0.1.9-hotspot\bin;D:\Program Files\AdoptOpenJDK\jdk-11.0.11.9-hotspot\bin;D:\Program Files\AdoptOpenJDK\jdk-8.0.292.10-hotspot\bin;D:\Program Files (x86)\VMware\VMware Player\bin\;D:\Program Files\NVIDIA GPU Computing toolkit\CUDA\v11.2\bin;D:\Program Files\NVIDIA GPU Computing toolkit\CUDA\v11.2\libnvvp;C:\Program Files\Microsoft MPI\Bin\;C:\Program Files (x86)\Intel\Intel(R) Management Engine Components\iCLS\;C:\Program Files\Intel\Intel(R) Management Engine Components\iCLS\;C:\WINDOWS\system32;C:\WINDOWS;C:\WINDOWS\System32\Wbem;C:\WINDOWS\System32\WindowsPowerShell\v1.0\;C:\WINDOWS\System32\OpenSSH\;C:\Program Files (x86)\Intel\Intel(R) Management Engine Components\DAL;C:\Program Files\Intel\Intel(R) Management Engine Components\DAL;C:\Program Files (x86)\Intel\Intel(R) Management Engine Components\IPT;C:\Program Files\Intel\Intel(R) Management Engine Components\IPT;D:\Program Files (x86)\Microsoft SQL Server\140\Tools\Binn\;D:\Program Files\Microsoft SQL Server\140\Tools\Binn\;D:\Program Files (x86)\Microsoft SQL Server\140\DTS\Binn\;D:\Program Files\Microsoft SQL Server\140\DTS\Binn\;D:\Program Files\Microsoft SQL Server\Client SDK\ODBC\130\Tools\Binn\;D:\Program Files (x86)\Microsoft SQL Server\Client SDK\ODBC\130\Tools\Binn\;D:\Program Files (x86)\Microsoft SQL Server\140\Tools\Binn\ManagementStudio\;D:\Program Files\Git\cmd;C:\Program Files\NVIDIA Corporation\Nsight Compute 2020.3.1\;C:\Program Files (x86)\NVIDIA Corporation\PhysX\Common;C:\Program Files\NVIDIA Corporation\NVIDIA NvDLISR;C:\Program Files\dotnet\;d:\Program Files\Maven\apache-maven-3.6.1\bin;D:\Python\Python39\Scripts\;D:\Python\Python39\;C:\Program Files\MySQL\MySQL Shell 8.0\bin\;C:\Users\xupox\AppData\Local\Microsoft\WindowsApps;C:\Users\xupox\AppData\Local\Microsoft\WindowsApps;D:\Program Files\JetBrains\PyCharm Community Edition 2020.2.3\bin;;D:\Program Files\NVIDIA GPU Computing toolkit\CUDA\v11.2\bin;D:\Program Files\NVIDIA GPU Computing toolkit\CUDA\v11.2\extras\CUPTI\lib64;D:\Program Files\NVIDIA GPU Computing toolkit\CUDA\v11.2\include;D:\Program Files\NVIDIA GPU Computing toolkit\CUDA\v11.2\bin;D:\Users\xupox\AppData\Local\Programs\Microsoft VS Code\bin;C:\Users\xupox\.dotnet\tools;d:\Program Files\Maven\apache-maven-3.6.1\bin;;."/>
    <property name="java.vm.info" value="mixed mode"/>
    <property name="java.vendor" value="AdoptOpenJDK"/>
    <property name="java.vm.version" value="11.0.11+9"/>
    <property name="sun.io.unicode.encoding" value="UnicodeLittle"/>
    <property name="java.class.version" value="55.0"/>
  </properties>
  <testcase name="allShipsLoadedTest" classname="dovbenko.hw3.tsk1.AppTest" time="0.111"/>
  <testcase name="initialLocationTest" classname="dovbenko.hw3.tsk1.AppTest" time="0"/>
  <testcase name="allShipsHavePassedTunnelTest" classname="dovbenko.hw3.tsk1.AppTest" time="0.001"/>
</testsuite>